<?xml version="1.0" encoding="UTF-8"?>
<testng-results ignored="0" total="1" passed="1" failed="0" skipped="0">
  <reporter-output>
  </reporter-output>
  <suite started-at="2023-12-23T11:49:06 IST" name="Default suite" finished-at="2023-12-23T11:49:36 IST" duration-ms="30843">
    <groups>
    </groups>
    <test started-at="2023-12-23T11:49:06 IST" name="Default test" finished-at="2023-12-23T11:49:36 IST" duration-ms="30843">
      <class name="testCases.SignupTest">
        <test-method is-config="true" signature="startup()[pri:0, instance:testCases.SignupTest@79b06cab]" started-at="2023-12-23T11:49:06 IST" name="startup" finished-at="2023-12-23T11:49:31 IST" duration-ms="25804" status="PASS">
          <reporter-output>
          </reporter-output>
        </test-method> <!-- startup -->
        <test-method signature="signup()[pri:0, instance:testCases.SignupTest@79b06cab]" started-at="2023-12-23T11:49:31 IST" name="signup" finished-at="2023-12-23T11:49:36 IST" duration-ms="4933" status="PASS">
          <reporter-output>
          </reporter-output>
        </test-method> <!-- signup -->
        <test-method is-config="true" signature="close()[pri:0, instance:testCases.SignupTest@79b06cab]" started-at="2023-12-23T11:49:36 IST" name="close" finished-at="2023-12-23T11:49:36 IST" duration-ms="95" status="PASS">
          <reporter-output>
          </reporter-output>
        </test-method> <!-- close -->
      </class> <!-- testCases.SignupTest -->
    </test> <!-- Default test -->
  </suite> <!-- Default suite -->
</testng-results>
